[0709/200057.524:ERROR:process_memory_win.cc(73)] ReadMemory at 0x26780067e90 of 72 bytes failed: Only part of a ReadProcessMemory or WriteProcessMemory request was completed. (0x12B)
[0709/200057.914:WARNING:pe_image_annotations_reader.cc(134)] could not read annotations list object in C:\Program Files (x86)\Google\Chrome\Application\83.0.4103.116\chrome.dll
[0709/200057.914:ERROR:process_memory_win.cc(73)] ReadMemory at 0x7ffdd0f10000 of 64 bytes failed: Only part of a ReadProcessMemory or WriteProcessMemory request was completed. (0x12B)
[0709/200057.914:WARNING:pe_image_reader.cc(340)] could not read dos header from C:\WINDOWS\System32\WS2_32.dll
[0709/200057.914:ERROR:process_memory_win.cc(73)] ReadMemory at 0x7ffdd0310000 of 64 bytes failed: Only part of a ReadProcessMemory or WriteProcessMemory request was completed. (0x12B)
[0709/200058.227:WARNING:pe_image_reader.cc(340)] could not read dos header from C:\WINDOWS\System32\OLEAUT32.dll
[0709/200058.227:ERROR:process_memory_win.cc(73)] ReadMemory at 0x7ffdce600000 of 64 bytes failed: Only part of a ReadProcessMemory or WriteProcessMemory request was completed. (0x12B)
[0709/200058.227:WARNING:pe_image_reader.cc(340)] could not read dos header from C:\WINDOWS\System32\msvcp_win.dll
[0709/200058.227:ERROR:process_memory_win.cc(73)] ReadMemory at 0x7ffdce730000 of 64 bytes failed: Only part of a ReadProcessMemory or WriteProcessMemory request was completed. (0x12B)
[0709/200058.227:WARNING:pe_image_reader.cc(340)] could not read dos header from C:\WINDOWS\System32\ucrtbase.dll
[0709/200058.227:ERROR:process_memory_win.cc(73)] ReadMemory at 0x7ffdd03e0000 of 64 bytes failed: Only part of a ReadProcessMemory or WriteProcessMemory request was completed. (0x12B)
[0709/200058.227:WARNING:pe_image_reader.cc(340)] could not read dos header from C:\WINDOWS\System32\combase.dll
[0709/200058.227:ERROR:process_memory_win.cc(73)] ReadMemory at 0x7ffdce6a0000 of 64 bytes failed: Only part of a ReadProcessMemory or WriteProcessMemory request was completed. (0x12B)
[0709/200058.227:WARNING:pe_image_reader.cc(340)] could not read dos header from C:\WINDOWS\System32\WINTRUST.dll
[0709/200058.227:ERROR:process_memory_win.cc(73)] ReadMemory at 0x7ffdce590000 of 64 bytes failed: Only part of a ReadProcessMemory or WriteProcessMemory request was completed. (0x12B)
[0709/200058.227:WARNING:pe_image_reader.cc(340)] could not read dos header from C:\WINDOWS\System32\MSASN1.dll
[0709/200058.227:ERROR:process_memory_win.cc(73)] ReadMemory at 0x7ffdcf3e0000 of 64 bytes failed: Only part of a ReadProcessMemory or WriteProcessMemory request was completed. (0x12B)
[0709/200058.227:WARNING:pe_image_reader.cc(340)] could not read dos header from C:\WINDOWS\System32\CRYPT32.dll
[0709/200058.227:ERROR:process_memory_win.cc(73)] ReadMemory at 0x7ffdcda00000 of 64 bytes failed: Only part of a ReadProcessMemory or WriteProcessMemory request was completed. (0x12B)
[0709/200058.227:WARNING:pe_image_reader.cc(340)] could not read dos header from C:\WINDOWS\SYSTEM32\IPHLPAPI.DLL
[0709/200058.227:ERROR:process_memory_win.cc(73)] ReadMemory at 0x7ffdcb870000 of 64 bytes failed: Only part of a ReadProcessMemory or WriteProcessMemory request was completed. (0x12B)
[0709/200058.227:WARNING:pe_image_reader.cc(340)] could not read dos header from C:\WINDOWS\SYSTEM32\WINMM.dll
[0709/200058.227:ERROR:process_memory_win.cc(73)] ReadMemory at 0x7ffdbd410000 of 64 bytes failed: Only part of a ReadProcessMemory or WriteProcessMemory request was completed. (0x12B)
[0709/200058.227:WARNING:pe_image_reader.cc(340)] could not read dos header from C:\WINDOWS\SYSTEM32\Secur32.dll
[0709/200058.227:ERROR:process_memory_win.cc(73)] ReadMemory at 0x7ffdce400000 of 64 bytes failed: Only part of a ReadProcessMemory or WriteProcessMemory request was completed. (0x12B)
[0709/200058.227:WARNING:pe_image_reader.cc(340)] could not read dos header from C:\WINDOWS\SYSTEM32\USERENV.dll
[0709/200058.227:ERROR:process_memory_win.cc(73)] ReadMemory at 0x7ffdce560000 of 64 bytes failed: Only part of a ReadProcessMemory or WriteProcessMemory request was completed. (0x12B)
[0709/200058.227:WARNING:pe_image_reader.cc(340)] could not read dos header from C:\WINDOWS\System32\profapi.dll
[0709/200058.227:ERROR:process_memory_win.cc(73)] ReadMemory at 0x7ffdac1f0000 of 64 bytes failed: Only part of a ReadProcessMemory or WriteProcessMemory request was completed. (0x12B)
[0709/200058.227:WARNING:pe_image_reader.cc(340)] could not read dos header from C:\WINDOWS\SYSTEM32\UIAutomationCore.DLL
[0709/200058.227:ERROR:process_memory_win.cc(73)] ReadMemory at 0x7ffdc5bd0000 of 64 bytes failed: Only part of a ReadProcessMemory or WriteProcessMemory request was completed. (0x12B)
[0709/200058.227:WARNING:pe_image_reader.cc(340)] could not read dos header from C:\WINDOWS\SYSTEM32\DWrite.dll
[0709/200058.227:ERROR:process_memory_win.cc(73)] ReadMemory at 0x7ffdc4940000 of 64 bytes failed: Only part of a ReadProcessMemory or WriteProcessMemory request was completed. (0x12B)
[0709/200058.227:WARNING:pe_image_reader.cc(340)] could not read dos header from C:\WINDOWS\SYSTEM32\WINSPOOL.DRV
[0709/200058.227:ERROR:process_memory_win.cc(73)] ReadMemory at 0x7ffdce540000 of 64 bytes failed: Only part of a ReadProcessMemory or WriteProcessMemory request was completed. (0x12B)
[0709/200058.227:WARNING:pe_image_reader.cc(340)] could not read dos header from C:\WINDOWS\System32\kernel.appcore.dll
[0709/200058.227:ERROR:process_memory_win.cc(73)] ReadMemory at 0x7ffdce8e0000 of 64 bytes failed: Only part of a ReadProcessMemory or WriteProcessMemory request was completed. (0x12B)
[0709/200058.227:WARNING:pe_image_reader.cc(340)] could not read dos header from C:\WINDOWS\System32\bcrypt.dll
[0709/200058.227:ERROR:process_memory_win.cc(73)] ReadMemory at 0x7ffdbd9f0000 of 64 bytes failed: Only part of a ReadProcessMemory or WriteProcessMemory request was completed. (0x12B)
[0709/200058.227:WARNING:pe_image_reader.cc(340)] could not read dos header from C:\WINDOWS\SYSTEM32\dbghelp.dll
[0709/200058.227:ERROR:process_memory_win.cc(73)] ReadMemory at 0x7ffdc4e50000 of 64 bytes failed: Only part of a ReadProcessMemory or WriteProcessMemory request was completed. (0x12B)
[0709/200058.227:WARNING:pe_image_reader.cc(340)] could not read dos header from C:\WINDOWS\SYSTEM32\WINHTTP.dll
[0709/200058.227:ERROR:process_memory_win.cc(73)] ReadMemory at 0x7ffdc8c40000 of 64 bytes failed: Only part of a ReadProcessMemory or WriteProcessMemory request was completed. (0x12B)
[0709/200058.227:WARNING:pe_image_reader.cc(340)] could not read dos header from C:\WINDOWS\SYSTEM32\dhcpcsvc.DLL
[0709/200058.227:ERROR:process_memory_win.cc(73)] ReadMemory at 0x7ffdd01d0000 of 64 bytes failed: Only part of a ReadProcessMemory or WriteProcessMemory request was completed. (0x12B)
[0709/200058.227:WARNING:pe_image_reader.cc(340)] could not read dos header from C:\WINDOWS\System32\NSI.dll
[0709/200058.227:ERROR:process_memory_win.cc(73)] ReadMemory at 0x7ffdcb280000 of 64 bytes failed: Only part of a ReadProcessMemory or WriteProcessMemory request was completed. (0x12B)
[0709/200058.227:WARNING:pe_image_reader.cc(340)] could not read dos header from C:\WINDOWS\SYSTEM32\WINMMBASE.dll
[0709/200058.227:ERROR:process_memory_win.cc(73)] ReadMemory at 0x7ffdce5b0000 of 64 bytes failed: Only part of a ReadProcessMemory or WriteProcessMemory request was completed. (0x12B)
[0709/200058.227:WARNING:pe_image_reader.cc(340)] could not read dos header from C:\WINDOWS\System32\cfgmgr32.dll
[0709/200058.227:ERROR:process_memory_win.cc(73)] ReadMemory at 0x7ffdca8c0000 of 64 bytes failed: Only part of a ReadProcessMemory or WriteProcessMemory request was completed. (0x12B)
[0709/200058.227:WARNING:pe_image_reader.cc(340)] could not read dos header from C:\WINDOWS\SYSTEM32\PROPSYS.dll
[0709/200058.227:ERROR:process_memory_win.cc(73)] ReadMemory at 0x7ffdcf6d0000 of 64 bytes failed: Only part of a ReadProcessMemory or WriteProcessMemory request was completed. (0x12B)
[0709/200058.227:WARNING:pe_image_reader.cc(340)] could not read dos header from C:\WINDOWS\System32\shcore.dll
[0709/200058.227:ERROR:process_memory_win.cc(73)] ReadMemory at 0x7ffdce3d0000 of 64 bytes failed: Only part of a ReadProcessMemory or WriteProcessMemory request was completed. (0x12B)
[0709/200058.227:WARNING:pe_image_reader.cc(340)] could not read dos header from C:\WINDOWS\SYSTEM32\SSPICLI.DLL
[0709/200058.227:ERROR:process_memory_win.cc(73)] ReadMemory at 0x7ffdcdec0000 of 64 bytes failed: Only part of a ReadProcessMemory or WriteProcessMemory request was completed. (0x12B)
[0709/200058.227:WARNING:pe_image_reader.cc(340)] could not read dos header from C:\WINDOWS\SYSTEM32\CRYPTBASE.DLL
[0709/200058.258:ERROR:process_memory_win.cc(73)] ReadMemory at 0x7ff6cd7c0000 of 64 bytes failed: Only part of a ReadProcessMemory or WriteProcessMemory request was completed. (0x12B)
[0709/200058.258:WARNING:pe_image_reader.cc(340)] could not read dos header from C:\Program Files (x86)\Google\Chrome\Application\chrome.exe
[0709/200058.258:ERROR:process_memory_win.cc(73)] ReadMemory at 0x7ffdd1620000 of 64 bytes failed: Only part of a ReadProcessMemory or WriteProcessMemory request was completed. (0x12B)
[0709/200058.258:WARNING:pe_image_reader.cc(340)] could not read dos header from C:\WINDOWS\SYSTEM32\ntdll.dll
[0709/200058.258:ERROR:process_memory_win.cc(73)] ReadMemory at 0x7ffdd0cb0000 of 64 bytes failed: Only part of a ReadProcessMemory or WriteProcessMemory request was completed. (0x12B)
[0709/200058.258:WARNING:pe_image_reader.cc(340)] could not read dos header from C:\WINDOWS\System32\KERNEL32.DLL
[0709/200058.258:ERROR:process_memory_win.cc(73)] ReadMemory at 0x7ffdcf110000 of 64 bytes failed: Only part of a ReadProcessMemory or WriteProcessMemory request was completed. (0x12B)
[0709/200058.258:WARNING:pe_image_reader.cc(340)] could not read dos header from C:\WINDOWS\System32\KERNELBASE.dll
[0709/200058.258:ERROR:process_memory_win.cc(73)] ReadMemory at 0x7ffdabd10000 of 64 bytes failed: Only part of a ReadProcessMemory or WriteProcessMemory request was completed. (0x12B)
[0709/200058.258:WARNING:pe_image_reader.cc(340)] could not read dos header from C:\Program Files (x86)\Google\Chrome\Application\83.0.4103.116\chrome_elf.dll
[0709/200058.258:ERROR:process_memory_win.cc(73)] ReadMemory at 0x7ffdc1a20000 of 64 bytes failed: Only part of a ReadProcessMemory or WriteProcessMemory request was completed. (0x12B)
[0709/200058.258:WARNING:pe_image_reader.cc(340)] could not read dos header from C:\WINDOWS\SYSTEM32\VERSION.dll
[0709/200058.258:ERROR:process_memory_win.cc(73)] ReadMemory at 0x7ffdd01e0000 of 64 bytes failed: Only part of a ReadProcessMemory or WriteProcessMemory request was completed. (0x12B)
[0709/200058.258:WARNING:pe_image_reader.cc(340)] could not read dos header from C:\WINDOWS\System32\msvcrt.dll
[0709/200058.258:ERROR:process_memory_win.cc(73)] ReadMemory at 0x7ffdcf090000 of 64 bytes failed: Only part of a ReadProcessMemory or WriteProcessMemory request was completed. (0x12B)
[0709/200058.258:WARNING:pe_image_reader.cc(340)] could not read dos header from C:\WINDOWS\System32\bcryptPrimitives.dll
[0709/200058.258:ERROR:process_memory_win.cc(73)] ReadMemory at 0x7ffdcf780000 of 64 bytes failed: Only part of a ReadProcessMemory or WriteProcessMemory request was completed. (0x12B)
[0709/200058.258:WARNING:pe_image_reader.cc(340)] could not read dos header from C:\WINDOWS\System32\ADVAPI32.dll
[0709/200058.258:ERROR:process_memory_win.cc(73)] ReadMemory at 0x7ffdcfa40000 of 64 bytes failed: Only part of a ReadProcessMemory or WriteProcessMemory request was completed. (0x12B)
[0709/200058.258:WARNING:pe_image_reader.cc(340)] could not read dos header from C:\WINDOWS\System32\sechost.dll
[0709/200058.258:ERROR:process_memory_win.cc(73)] ReadMemory at 0x7ffdd0930000 of 64 bytes failed: Only part of a ReadProcessMemory or WriteProcessMemory request was completed. (0x12B)
[0709/200058.258:WARNING:pe_image_reader.cc(340)] could not read dos header from C:\WINDOWS\System32\RPCRT4.dll
[0709/200058.258:ERROR:process_memory_win.cc(73)] ReadMemory at 0x7ffd7a670000 of 64 bytes failed: Only part of a ReadProcessMemory or WriteProcessMemory request was completed. (0x12B)
[0709/200058.258:WARNING:pe_image_reader.cc(340)] could not read dos header from C:\Program Files (x86)\Google\Chrome\Application\83.0.4103.116\chrome.dll
[0709/200058.258:ERROR:process_memory_win.cc(73)] ReadMemory at 0x7ffdd0f10000 of 64 bytes failed: Only part of a ReadProcessMemory or WriteProcessMemory request was completed. (0x12B)
[0709/200058.258:WARNING:pe_image_reader.cc(340)] could not read dos header from C:\WINDOWS\System32\WS2_32.dll
[0709/200058.258:ERROR:process_memory_win.cc(73)] ReadMemory at 0x7ffdd0310000 of 64 bytes failed: Only part of a ReadProcessMemory or WriteProcessMemory request was completed. (0x12B)
[0709/200058.258:WARNING:pe_image_reader.cc(340)] could not read dos header from C:\WINDOWS\System32\OLEAUT32.dll
[0709/200058.258:ERROR:process_memory_win.cc(73)] ReadMemory at 0x7ffdce600000 of 64 bytes failed: Only part of a ReadProcessMemory or WriteProcessMemory request was completed. (0x12B)
[0709/200058.258:WARNING:pe_image_reader.cc(340)] could not read dos header from C:\WINDOWS\System32\msvcp_win.dll
[0709/200058.258:ERROR:process_memory_win.cc(73)] ReadMemory at 0x7ffdce730000 of 64 bytes failed: Only part of a ReadProcessMemory or WriteProcessMemory request was completed. (0x12B)
[0709/200058.258:WARNING:pe_image_reader.cc(340)] could not read dos header from C:\WINDOWS\System32\ucrtbase.dll
[0709/200058.258:ERROR:process_memory_win.cc(73)] ReadMemory at 0x7ffdd03e0000 of 64 bytes failed: Only part of a ReadProcessMemory or WriteProcessMemory request was completed. (0x12B)
[0709/200058.258:WARNING:pe_image_reader.cc(340)] could not read dos header from C:\WINDOWS\System32\combase.dll
[0709/200058.258:ERROR:process_memory_win.cc(73)] ReadMemory at 0x7ffdce6a0000 of 64 bytes failed: Only part of a ReadProcessMemory or WriteProcessMemory request was completed. (0x12B)
[0709/200058.258:WARNING:pe_image_reader.cc(340)] could not read dos header from C:\WINDOWS\System32\WINTRUST.dll
[0709/200058.258:ERROR:process_memory_win.cc(73)] ReadMemory at 0x7ffdce590000 of 64 bytes failed: Only part of a ReadProcessMemory or WriteProcessMemory request was completed. (0x12B)
[0709/200058.258:WARNING:pe_image_reader.cc(340)] could not read dos header from C:\WINDOWS\System32\MSASN1.dll
[0709/200058.258:ERROR:process_memory_win.cc(73)] ReadMemory at 0x7ffdcf3e0000 of 64 bytes failed: Only part of a ReadProcessMemory or WriteProcessMemory request was completed. (0x12B)
[0709/200058.258:WARNING:pe_image_reader.cc(340)] could not read dos header from C:\WINDOWS\System32\CRYPT32.dll
[0709/200058.258:ERROR:process_memory_win.cc(73)] ReadMemory at 0x7ffdcda00000 of 64 bytes failed: Only part of a ReadProcessMemory or WriteProcessMemory request was completed. (0x12B)
[0709/200058.258:WARNING:pe_image_reader.cc(340)] could not read dos header from C:\WINDOWS\SYSTEM32\IPHLPAPI.DLL
[0709/200058.258:ERROR:process_memory_win.cc(73)] ReadMemory at 0x7ffdcb870000 of 64 bytes failed: Only part of a ReadProcessMemory or WriteProcessMemory request was completed. (0x12B)
[0709/200058.258:WARNING:pe_image_reader.cc(340)] could not read dos header from C:\WINDOWS\SYSTEM32\WINMM.dll
[0709/200058.258:ERROR:process_memory_win.cc(73)] ReadMemory at 0x7ffdbd410000 of 64 bytes failed: Only part of a ReadProcessMemory or WriteProcessMemory request was completed. (0x12B)
[0709/200058.258:WARNING:pe_image_reader.cc(340)] could not read dos header from C:\WINDOWS\SYSTEM32\Secur32.dll
[0709/200058.258:ERROR:process_memory_win.cc(73)] ReadMemory at 0x7ffdce400000 of 64 bytes failed: Only part of a ReadProcessMemory or WriteProcessMemory request was completed. (0x12B)
[0709/200058.258:WARNING:pe_image_reader.cc(340)] could not read dos header from C:\WINDOWS\SYSTEM32\USERENV.dll
[0709/200058.258:ERROR:process_memory_win.cc(73)] ReadMemory at 0x7ffdce560000 of 64 bytes failed: Only part of a ReadProcessMemory or WriteProcessMemory request was completed. (0x12B)
[0709/200058.258:WARNING:pe_image_reader.cc(340)] could not read dos header from C:\WINDOWS\System32\profapi.dll
[0709/200058.258:ERROR:process_memory_win.cc(73)] ReadMemory at 0x7ffdac1f0000 of 64 bytes failed: Only part of a ReadProcessMemory or WriteProcessMemory request was completed. (0x12B)
[0709/200058.258:WARNING:pe_image_reader.cc(340)] could not read dos header from C:\WINDOWS\SYSTEM32\UIAutomationCore.DLL
[0709/200058.258:ERROR:process_memory_win.cc(73)] ReadMemory at 0x7ffdc5bd0000 of 64 bytes failed: Only part of a ReadProcessMemory or WriteProcessMemory request was completed. (0x12B)
[0709/200058.258:WARNING:pe_image_reader.cc(340)] could not read dos header from C:\WINDOWS\SYSTEM32\DWrite.dll
[0709/200058.258:ERROR:process_memory_win.cc(73)] ReadMemory at 0x7ffdc4940000 of 64 bytes failed: Only part of a ReadProcessMemory or WriteProcessMemory request was completed. (0x12B)
[0709/200058.258:WARNING:pe_image_reader.cc(340)] could not read dos header from C:\WINDOWS\SYSTEM32\WINSPOOL.DRV
[0709/200058.258:ERROR:process_memory_win.cc(73)] ReadMemory at 0x7ffdce540000 of 64 bytes failed: Only part of a ReadProcessMemory or WriteProcessMemory request was completed. (0x12B)
[0709/200058.258:WARNING:pe_image_reader.cc(340)] could not read dos header from C:\WINDOWS\System32\kernel.appcore.dll
[0709/200058.258:ERROR:process_memory_win.cc(73)] ReadMemory at 0x7ffdce8e0000 of 64 bytes failed: Only part of a ReadProcessMemory or WriteProcessMemory request was completed. (0x12B)
[0709/200058.274:WARNING:pe_image_reader.cc(340)] could not read dos header from C:\WINDOWS\System32\bcrypt.dll
[0709/200058.274:ERROR:process_memory_win.cc(73)] ReadMemory at 0x7ffdbd9f0000 of 64 bytes failed: Only part of a ReadProcessMemory or WriteProcessMemory request was completed. (0x12B)
[0709/200058.274:WARNING:pe_image_reader.cc(340)] could not read dos header from C:\WINDOWS\SYSTEM32\dbghelp.dll
[0709/200058.274:ERROR:process_memory_win.cc(73)] ReadMemory at 0x7ffdc4e50000 of 64 bytes failed: Only part of a ReadProcessMemory or WriteProcessMemory request was completed. (0x12B)
[0709/200058.274:WARNING:pe_image_reader.cc(340)] could not read dos header from C:\WINDOWS\SYSTEM32\WINHTTP.dll
[0709/200058.274:ERROR:process_memory_win.cc(73)] ReadMemory at 0x7ffdc8c40000 of 64 bytes failed: Only part of a ReadProcessMemory or WriteProcessMemory request was completed. (0x12B)
[0709/200058.274:WARNING:pe_image_reader.cc(340)] could not read dos header from C:\WINDOWS\SYSTEM32\dhcpcsvc.DLL
[0709/200058.274:ERROR:process_memory_win.cc(73)] ReadMemory at 0x7ffdd01d0000 of 64 bytes failed: Only part of a ReadProcessMemory or WriteProcessMemory request was completed. (0x12B)
[0709/200058.274:WARNING:pe_image_reader.cc(340)] could not read dos header from C:\WINDOWS\System32\NSI.dll
[0709/200058.274:ERROR:process_memory_win.cc(73)] ReadMemory at 0x7ffdcb280000 of 64 bytes failed: Only part of a ReadProcessMemory or WriteProcessMemory request was completed. (0x12B)
[0709/200058.274:WARNING:pe_image_reader.cc(340)] could not read dos header from C:\WINDOWS\SYSTEM32\WINMMBASE.dll
[0709/200058.274:ERROR:process_memory_win.cc(73)] ReadMemory at 0x7ffdce5b0000 of 64 bytes failed: Only part of a ReadProcessMemory or WriteProcessMemory request was completed. (0x12B)
[0709/200058.274:WARNING:pe_image_reader.cc(340)] could not read dos header from C:\WINDOWS\System32\cfgmgr32.dll
[0709/200058.274:ERROR:process_memory_win.cc(73)] ReadMemory at 0x7ffdca8c0000 of 64 bytes failed: Only part of a ReadProcessMemory or WriteProcessMemory request was completed. (0x12B)
[0709/200058.274:WARNING:pe_image_reader.cc(340)] could not read dos header from C:\WINDOWS\SYSTEM32\PROPSYS.dll
[0709/200058.274:ERROR:process_memory_win.cc(73)] ReadMemory at 0x7ffdcf6d0000 of 64 bytes failed: Only part of a ReadProcessMemory or WriteProcessMemory request was completed. (0x12B)
[0709/200058.274:WARNING:pe_image_reader.cc(340)] could not read dos header from C:\WINDOWS\System32\shcore.dll
[0709/200058.274:ERROR:process_memory_win.cc(73)] ReadMemory at 0x7ffdce3d0000 of 64 bytes failed: Only part of a ReadProcessMemory or WriteProcessMemory request was completed. (0x12B)
[0709/200058.274:WARNING:pe_image_reader.cc(340)] could not read dos header from C:\WINDOWS\SYSTEM32\SSPICLI.DLL
[0709/200058.274:ERROR:process_memory_win.cc(73)] ReadMemory at 0x7ffdcdec0000 of 64 bytes failed: Only part of a ReadProcessMemory or WriteProcessMemory request was completed. (0x12B)
[0709/200058.274:WARNING:pe_image_reader.cc(340)] could not read dos header from C:\WINDOWS\SYSTEM32\CRYPTBASE.DLL
[0709/200058.274:ERROR:process_memory_win.cc(73)] ReadMemory at 0x7ff6cd7c0000 of 64 bytes failed: Only part of a ReadProcessMemory or WriteProcessMemory request was completed. (0x12B)
[0709/200058.274:WARNING:pe_image_reader.cc(340)] could not read dos header from C:\Program Files (x86)\Google\Chrome\Application\chrome.exe
[0709/200058.274:ERROR:process_memory_win.cc(73)] ReadMemory at 0x7ffdd1620000 of 64 bytes failed: Only part of a ReadProcessMemory or WriteProcessMemory request was completed. (0x12B)
[0709/200058.274:WARNING:pe_image_reader.cc(340)] could not read dos header from C:\WINDOWS\SYSTEM32\ntdll.dll
[0709/200058.274:ERROR:process_memory_win.cc(73)] ReadMemory at 0x7ffdd0cb0000 of 64 bytes failed: Only part of a ReadProcessMemory or WriteProcessMemory request was completed. (0x12B)
[0709/200058.274:WARNING:pe_image_reader.cc(340)] could not read dos header from C:\WINDOWS\System32\KERNEL32.DLL
[0709/200058.274:ERROR:process_memory_win.cc(73)] ReadMemory at 0x7ffdcf110000 of 64 bytes failed: Only part of a ReadProcessMemory or WriteProcessMemory request was completed. (0x12B)
[0709/200058.274:WARNING:pe_image_reader.cc(340)] could not read dos header from C:\WINDOWS\System32\KERNELBASE.dll
[0709/200058.274:ERROR:process_memory_win.cc(73)] ReadMemory at 0x7ffdabd10000 of 64 bytes failed: Only part of a ReadProcessMemory or WriteProcessMemory request was completed. (0x12B)
[0709/200058.274:WARNING:pe_image_reader.cc(340)] could not read dos header from C:\Program Files (x86)\Google\Chrome\Application\83.0.4103.116\chrome_elf.dll
[0709/200058.274:ERROR:process_memory_win.cc(73)] ReadMemory at 0x7ffdc1a20000 of 64 bytes failed: Only part of a ReadProcessMemory or WriteProcessMemory request was completed. (0x12B)
[0709/200058.274:WARNING:pe_image_reader.cc(340)] could not read dos header from C:\WINDOWS\SYSTEM32\VERSION.dll
[0709/200058.274:ERROR:process_memory_win.cc(73)] ReadMemory at 0x7ffdd01e0000 of 64 bytes failed: Only part of a ReadProcessMemory or WriteProcessMemory request was completed. (0x12B)
[0709/200058.274:WARNING:pe_image_reader.cc(340)] could not read dos header from C:\WINDOWS\System32\msvcrt.dll
[0709/200058.274:ERROR:process_memory_win.cc(73)] ReadMemory at 0x7ffdcf090000 of 64 bytes failed: Only part of a ReadProcessMemory or WriteProcessMemory request was completed. (0x12B)
[0709/200058.274:WARNING:pe_image_reader.cc(340)] could not read dos header from C:\WINDOWS\System32\bcryptPrimitives.dll
[0709/200058.274:ERROR:process_memory_win.cc(73)] ReadMemory at 0x7ffdcf780000 of 64 bytes failed: Only part of a ReadProcessMemory or WriteProcessMemory request was completed. (0x12B)
[0709/200058.274:WARNING:pe_image_reader.cc(340)] could not read dos header from C:\WINDOWS\System32\ADVAPI32.dll
[0709/200058.274:ERROR:process_memory_win.cc(73)] ReadMemory at 0x7ffdcfa40000 of 64 bytes failed: Only part of a ReadProcessMemory or WriteProcessMemory request was completed. (0x12B)
[0709/200058.274:WARNING:pe_image_reader.cc(340)] could not read dos header from C:\WINDOWS\System32\sechost.dll
[0709/200058.274:ERROR:process_memory_win.cc(73)] ReadMemory at 0x7ffdd0930000 of 64 bytes failed: Only part of a ReadProcessMemory or WriteProcessMemory request was completed. (0x12B)
[0709/200058.274:WARNING:pe_image_reader.cc(340)] could not read dos header from C:\WINDOWS\System32\RPCRT4.dll
[0709/200058.274:ERROR:process_memory_win.cc(73)] ReadMemory at 0x7ffd7a670000 of 64 bytes failed: Only part of a ReadProcessMemory or WriteProcessMemory request was completed. (0x12B)
[0709/200058.274:WARNING:pe_image_reader.cc(340)] could not read dos header from C:\Program Files (x86)\Google\Chrome\Application\83.0.4103.116\chrome.dll
[0709/200058.274:ERROR:process_memory_win.cc(73)] ReadMemory at 0x7ffdd0f10000 of 64 bytes failed: Only part of a ReadProcessMemory or WriteProcessMemory request was completed. (0x12B)
[0709/200058.274:WARNING:pe_image_reader.cc(340)] could not read dos header from C:\WINDOWS\System32\WS2_32.dll
[0709/200058.274:ERROR:process_memory_win.cc(73)] ReadMemory at 0x7ffdd0310000 of 64 bytes failed: Only part of a ReadProcessMemory or WriteProcessMemory request was completed. (0x12B)
[0709/200058.274:WARNING:pe_image_reader.cc(340)] could not read dos header from C:\WINDOWS\System32\OLEAUT32.dll
[0709/200058.274:ERROR:process_memory_win.cc(73)] ReadMemory at 0x7ffdce600000 of 64 bytes failed: Only part of a ReadProcessMemory or WriteProcessMemory request was completed. (0x12B)
[0709/200058.274:WARNING:pe_image_reader.cc(340)] could not read dos header from C:\WINDOWS\System32\msvcp_win.dll
[0709/200058.274:ERROR:process_memory_win.cc(73)] ReadMemory at 0x7ffdce730000 of 64 bytes failed: Only part of a ReadProcessMemory or WriteProcessMemory request was completed. (0x12B)
[0709/200058.274:WARNING:pe_image_reader.cc(340)] could not read dos header from C:\WINDOWS\System32\ucrtbase.dll
[0709/200058.274:ERROR:process_memory_win.cc(73)] ReadMemory at 0x7ffdd03e0000 of 64 bytes failed: Only part of a ReadProcessMemory or WriteProcessMemory request was completed. (0x12B)
[0709/200058.274:WARNING:pe_image_reader.cc(340)] could not read dos header from C:\WINDOWS\System32\combase.dll
[0709/200058.274:ERROR:process_memory_win.cc(73)] ReadMemory at 0x7ffdce6a0000 of 64 bytes failed: Only part of a ReadProcessMemory or WriteProcessMemory request was completed. (0x12B)
[0709/200058.274:WARNING:pe_image_reader.cc(340)] could not read dos header from C:\WINDOWS\System32\WINTRUST.dll
[0709/200058.274:ERROR:process_memory_win.cc(73)] ReadMemory at 0x7ffdce590000 of 64 bytes failed: Only part of a ReadProcessMemory or WriteProcessMemory request was completed. (0x12B)
[0709/200058.274:WARNING:pe_image_reader.cc(340)] could not read dos header from C:\WINDOWS\System32\MSASN1.dll
[0709/200058.274:ERROR:process_memory_win.cc(73)] ReadMemory at 0x7ffdcf3e0000 of 64 bytes failed: Only part of a ReadProcessMemory or WriteProcessMemory request was completed. (0x12B)
[0709/200058.274:WARNING:pe_image_reader.cc(340)] could not read dos header from C:\WINDOWS\System32\CRYPT32.dll
[0709/200058.274:ERROR:process_memory_win.cc(73)] ReadMemory at 0x7ffdcda00000 of 64 bytes failed: Only part of a ReadProcessMemory or WriteProcessMemory request was completed. (0x12B)
[0709/200058.274:WARNING:pe_image_reader.cc(340)] could not read dos header from C:\WINDOWS\SYSTEM32\IPHLPAPI.DLL
[0709/200058.274:ERROR:process_memory_win.cc(73)] ReadMemory at 0x7ffdcb870000 of 64 bytes failed: Only part of a ReadProcessMemory or WriteProcessMemory request was completed. (0x12B)
[0709/200058.274:WARNING:pe_image_reader.cc(340)] could not read dos header from C:\WINDOWS\SYSTEM32\WINMM.dll
[0709/200058.274:ERROR:process_memory_win.cc(73)] ReadMemory at 0x7ffdbd410000 of 64 bytes failed: Only part of a ReadProcessMemory or WriteProcessMemory request was completed. (0x12B)
[0709/200058.274:WARNING:pe_image_reader.cc(340)] could not read dos header from C:\WINDOWS\SYSTEM32\Secur32.dll
[0709/200058.274:ERROR:process_memory_win.cc(73)] ReadMemory at 0x7ffdce400000 of 64 bytes failed: Only part of a ReadProcessMemory or WriteProcessMemory request was completed. (0x12B)
[0709/200058.274:WARNING:pe_image_reader.cc(340)] could not read dos header from C:\WINDOWS\SYSTEM32\USERENV.dll
[0709/200058.274:ERROR:process_memory_win.cc(73)] ReadMemory at 0x7ffdce560000 of 64 bytes failed: Only part of a ReadProcessMemory or WriteProcessMemory request was completed. (0x12B)
[0709/200058.274:WARNING:pe_image_reader.cc(340)] could not read dos header from C:\WINDOWS\System32\profapi.dll
[0709/200058.274:ERROR:process_memory_win.cc(73)] ReadMemory at 0x7ffdac1f0000 of 64 bytes failed: Only part of a ReadProcessMemory or WriteProcessMemory request was completed. (0x12B)
[0709/200058.274:WARNING:pe_image_reader.cc(340)] could not read dos header from C:\WINDOWS\SYSTEM32\UIAutomationCore.DLL
[0709/200058.274:ERROR:process_memory_win.cc(73)] ReadMemory at 0x7ffdc5bd0000 of 64 bytes failed: Only part of a ReadProcessMemory or WriteProcessMemory request was completed. (0x12B)
[0709/200058.274:WARNING:pe_image_reader.cc(340)] could not read dos header from C:\WINDOWS\SYSTEM32\DWrite.dll
[0709/200058.274:ERROR:process_memory_win.cc(73)] ReadMemory at 0x7ffdc4940000 of 64 bytes failed: Only part of a ReadProcessMemory or WriteProcessMemory request was completed. (0x12B)
[0709/200058.274:WARNING:pe_image_reader.cc(340)] could not read dos header from C:\WINDOWS\SYSTEM32\WINSPOOL.DRV
[0709/200058.274:ERROR:process_memory_win.cc(73)] ReadMemory at 0x7ffdce540000 of 64 bytes failed: Only part of a ReadProcessMemory or WriteProcessMemory request was completed. (0x12B)
[0709/200058.274:WARNING:pe_image_reader.cc(340)] could not read dos header from C:\WINDOWS\System32\kernel.appcore.dll
[0709/200058.274:ERROR:process_memory_win.cc(73)] ReadMemory at 0x7ffdce8e0000 of 64 bytes failed: Only part of a ReadProcessMemory or WriteProcessMemory request was completed. (0x12B)
[0709/200058.274:WARNING:pe_image_reader.cc(340)] could not read dos header from C:\WINDOWS\System32\bcrypt.dll
[0709/200058.274:ERROR:process_memory_win.cc(73)] ReadMemory at 0x7ffdbd9f0000 of 64 bytes failed: Only part of a ReadProcessMemory or WriteProcessMemory request was completed. (0x12B)
[0709/200058.274:WARNING:pe_image_reader.cc(340)] could not read dos header from C:\WINDOWS\SYSTEM32\dbghelp.dll
[0709/200058.274:ERROR:process_memory_win.cc(73)] ReadMemory at 0x7ffdc4e50000 of 64 bytes failed: Only part of a ReadProcessMemory or WriteProcessMemory request was completed. (0x12B)
[0709/200058.274:WARNING:pe_image_reader.cc(340)] could not read dos header from C:\WINDOWS\SYSTEM32\WINHTTP.dll
[0709/200058.274:ERROR:process_memory_win.cc(73)] ReadMemory at 0x7ffdc8c40000 of 64 bytes failed: Only part of a ReadProcessMemory or WriteProcessMemory request was completed. (0x12B)
[0709/200058.274:WARNING:pe_image_reader.cc(340)] could not read dos header from C:\WINDOWS\SYSTEM32\dhcpcsvc.DLL
[0709/200058.274:ERROR:process_memory_win.cc(73)] ReadMemory at 0x7ffdd01d0000 of 64 bytes failed: Only part of a ReadProcessMemory or WriteProcessMemory request was completed. (0x12B)
[0709/200058.274:WARNING:pe_image_reader.cc(340)] could not read dos header from C:\WINDOWS\System32\NSI.dll
[0709/200058.274:ERROR:process_memory_win.cc(73)] ReadMemory at 0x7ffdcb280000 of 64 bytes failed: Only part of a ReadProcessMemory or WriteProcessMemory request was completed. (0x12B)
[0709/200058.274:WARNING:pe_image_reader.cc(340)] could not read dos header from C:\WINDOWS\SYSTEM32\WINMMBASE.dll
[0709/200058.274:ERROR:process_memory_win.cc(73)] ReadMemory at 0x7ffdce5b0000 of 64 bytes failed: Only part of a ReadProcessMemory or WriteProcessMemory request was completed. (0x12B)
[0709/200058.274:WARNING:pe_image_reader.cc(340)] could not read dos header from C:\WINDOWS\System32\cfgmgr32.dll
[0709/200058.274:ERROR:process_memory_win.cc(73)] ReadMemory at 0x7ffdca8c0000 of 64 bytes failed: Only part of a ReadProcessMemory or WriteProcessMemory request was completed. (0x12B)
[0709/200058.274:WARNING:pe_image_reader.cc(340)] could not read dos header from C:\WINDOWS\SYSTEM32\PROPSYS.dll
[0709/200058.274:ERROR:process_memory_win.cc(73)] ReadMemory at 0x7ffdcf6d0000 of 64 bytes failed: Only part of a ReadProcessMemory or WriteProcessMemory request was completed. (0x12B)
[0709/200058.274:WARNING:pe_image_reader.cc(340)] could not read dos header from C:\WINDOWS\System32\shcore.dll
[0709/200058.274:ERROR:process_memory_win.cc(73)] ReadMemory at 0x7ffdce3d0000 of 64 bytes failed: Only part of a ReadProcessMemory or WriteProcessMemory request was completed. (0x12B)
[0709/200058.274:WARNING:pe_image_reader.cc(340)] could not read dos header from C:\WINDOWS\SYSTEM32\SSPICLI.DLL
[0709/200058.274:ERROR:process_memory_win.cc(73)] ReadMemory at 0x7ffdcdec0000 of 64 bytes failed: Only part of a ReadProcessMemory or WriteProcessMemory request was completed. (0x12B)
[0709/200058.274:WARNING:pe_image_reader.cc(340)] could not read dos header from C:\WINDOWS\SYSTEM32\CRYPTBASE.DLL
[0709/200058.445:ERROR:process_memory_win.cc(73)] ReadMemory at 0xc8a0bf4000 of 49152 bytes failed: Only part of a ReadProcessMemory or WriteProcessMemory request was completed. (0x12B)
[0709/200058.445:ERROR:process_memory_win.cc(73)] ReadMemory at 0xc8a13fd000 of 12288 bytes failed: Only part of a ReadProcessMemory or WriteProcessMemory request was completed. (0x12B)
[0709/200058.445:ERROR:process_memory_win.cc(73)] ReadMemory at 0xc8a1bf6000 of 40960 bytes failed: Only part of a ReadProcessMemory or WriteProcessMemory request was completed. (0x12B)
[0709/200058.445:ERROR:process_memory_win.cc(73)] ReadMemory at 0xc8a23fc000 of 16384 bytes failed: Only part of a ReadProcessMemory or WriteProcessMemory request was completed. (0x12B)
[0709/200058.445:ERROR:process_memory_win.cc(73)] ReadMemory at 0xc8a2bfc000 of 16384 bytes failed: Only part of a ReadProcessMemory or WriteProcessMemory request was completed. (0x12B)
[0709/200058.445:ERROR:process_memory_win.cc(73)] ReadMemory at 0xc8a33fe000 of 8192 bytes failed: Only part of a ReadProcessMemory or WriteProcessMemory request was completed. (0x12B)
[0709/200058.445:ERROR:process_memory_win.cc(73)] ReadMemory at 0xc8a3bfd000 of 12288 bytes failed: Only part of a ReadProcessMemory or WriteProcessMemory request was completed. (0x12B)
[0709/200058.445:ERROR:process_memory_win.cc(73)] ReadMemory at 0xc8a43fb000 of 20480 bytes failed: Only part of a ReadProcessMemory or WriteProcessMemory request was completed. (0x12B)
[0709/200058.445:ERROR:process_memory_win.cc(73)] ReadMemory at 0xc8a53fd000 of 12288 bytes failed: Only part of a ReadProcessMemory or WriteProcessMemory request was completed. (0x12B)
[0709/200058.445:ERROR:process_memory_win.cc(73)] ReadMemory at 0xc8a5bfc000 of 16384 bytes failed: Only part of a ReadProcessMemory or WriteProcessMemory request was completed. (0x12B)
[0709/200058.445:ERROR:process_memory_win.cc(73)] ReadMemory at 0xc8a63f6000 of 40960 bytes failed: Only part of a ReadProcessMemory or WriteProcessMemory request was completed. (0x12B)
[0709/200058.445:ERROR:process_memory_win.cc(73)] ReadMemory at 0xc8a6bfd000 of 12288 bytes failed: Only part of a ReadProcessMemory or WriteProcessMemory request was completed. (0x12B)
[0709/200058.461:ERROR:process_memory_win.cc(73)] ReadMemory at 0xc8a73f9000 of 28672 bytes failed: Only part of a ReadProcessMemory or WriteProcessMemory request was completed. (0x12B)
[0709/200058.461:ERROR:process_memory_win.cc(73)] ReadMemory at 0xc8a7bf9000 of 28672 bytes failed: Only part of a ReadProcessMemory or WriteProcessMemory request was completed. (0x12B)
[0709/200058.461:ERROR:process_memory_win.cc(73)] ReadMemory at 0xc8a4bff000 of 4096 bytes failed: Only part of a ReadProcessMemory or WriteProcessMemory request was completed. (0x12B)
[0709/200058.461:ERROR:process_memory_win.cc(73)] ReadMemory at 0xc8a0368000 of 852 bytes failed: Only part of a ReadProcessMemory or WriteProcessMemory request was completed. (0x12B)
[0709/200058.461:ERROR:process_memory_win.cc(73)] ReadMemory at 0xc8a0369000 of 6024 bytes failed: Only part of a ReadProcessMemory or WriteProcessMemory request was completed. (0x12B)
[0709/200058.461:ERROR:process_memory_win.cc(73)] ReadMemory at 0xc8a036b000 of 6024 bytes failed: Only part of a ReadProcessMemory or WriteProcessMemory request was completed. (0x12B)
[0709/200058.461:ERROR:process_memory_win.cc(73)] ReadMemory at 0xc8a036d000 of 6024 bytes failed: Only part of a ReadProcessMemory or WriteProcessMemory request was completed. (0x12B)
[0709/200058.461:ERROR:process_memory_win.cc(73)] ReadMemory at 0xc8a036f000 of 6024 bytes failed: Only part of a ReadProcessMemory or WriteProcessMemory request was completed. (0x12B)
[0709/200058.461:ERROR:process_memory_win.cc(73)] ReadMemory at 0xc8a0371000 of 6024 bytes failed: Only part of a ReadProcessMemory or WriteProcessMemory request was completed. (0x12B)
[0709/200058.461:ERROR:process_memory_win.cc(73)] ReadMemory at 0xc8a0373000 of 6024 bytes failed: Only part of a ReadProcessMemory or WriteProcessMemory request was completed. (0x12B)
[0709/200058.461:ERROR:process_memory_win.cc(73)] ReadMemory at 0xc8a0375000 of 6024 bytes failed: Only part of a ReadProcessMemory or WriteProcessMemory request was completed. (0x12B)
[0709/200058.461:ERROR:process_memory_win.cc(73)] ReadMemory at 0xc8a0377000 of 6024 bytes failed: Only part of a ReadProcessMemory or WriteProcessMemory request was completed. (0x12B)
[0709/200058.461:ERROR:process_memory_win.cc(73)] ReadMemory at 0xc8a037b000 of 6024 bytes failed: Only part of a ReadProcessMemory or WriteProcessMemory request was completed. (0x12B)
[0709/200058.461:ERROR:process_memory_win.cc(73)] ReadMemory at 0xc8a037d000 of 6024 bytes failed: Only part of a ReadProcessMemory or WriteProcessMemory request was completed. (0x12B)
[0709/200058.461:ERROR:process_memory_win.cc(73)] ReadMemory at 0xc8a037f000 of 6024 bytes failed: Only part of a ReadProcessMemory or WriteProcessMemory request was completed. (0x12B)
[0709/200058.461:ERROR:process_memory_win.cc(73)] ReadMemory at 0xc8a0381000 of 6024 bytes failed: Only part of a ReadProcessMemory or WriteProcessMemory request was completed. (0x12B)
[0709/200058.461:ERROR:process_memory_win.cc(73)] ReadMemory at 0xc8a0383000 of 6024 bytes failed: Only part of a ReadProcessMemory or WriteProcessMemory request was completed. (0x12B)
[0709/200058.461:ERROR:process_memory_win.cc(73)] ReadMemory at 0xc8a0385000 of 6024 bytes failed: Only part of a ReadProcessMemory or WriteProcessMemory request was completed. (0x12B)
[0709/200058.461:ERROR:process_memory_win.cc(73)] ReadMemory at 0xc8a0387000 of 6024 bytes failed: Only part of a ReadProcessMemory or WriteProcessMemory request was completed. (0x12B)
[0709/200058.461:ERROR:process_memory_win.cc(73)] ReadMemory at 0x26780041780 of 512 bytes failed: Only part of a ReadProcessMemory or WriteProcessMemory request was completed. (0x12B)
[0709/200058.461:ERROR:process_memory_win.cc(73)] ReadMemory at 0x267800a2f30 of 512 bytes failed: Only part of a ReadProcessMemory or WriteProcessMemory request was completed. (0x12B)
[0709/200058.461:ERROR:process_memory_win.cc(73)] ReadMemory at 0x267800a4a68 of 512 bytes failed: Only part of a ReadProcessMemory or WriteProcessMemory request was completed. (0x12B)
[0709/200058.461:ERROR:process_memory_win.cc(73)] ReadMemory at 0x267800d9ba0 of 712 bytes failed: Only part of a ReadProcessMemory or WriteProcessMemory request was completed. (0x12B)
[0709/200058.461:ERROR:process_memory_win.cc(73)] ReadMemory at 0x267801049c0 of 512 bytes failed: Only part of a ReadProcessMemory or WriteProcessMemory request was completed. (0x12B)
[0709/200058.461:ERROR:process_memory_win.cc(73)] ReadMemory at 0x26780121690 of 512 bytes failed: Only part of a ReadProcessMemory or WriteProcessMemory request was completed. (0x12B)
[0709/200058.461:ERROR:process_memory_win.cc(73)] ReadMemory at 0x26780140d30 of 512 bytes failed: Only part of a ReadProcessMemory or WriteProcessMemory request was completed. (0x12B)
[0709/200058.461:ERROR:process_memory_win.cc(73)] ReadMemory at 0x26781e80f10 of 512 bytes failed: Only part of a ReadProcessMemory or WriteProcessMemory request was completed. (0x12B)
[0709/200058.461:ERROR:process_memory_win.cc(73)] ReadMemory at 0x267934e19a8 of 512 bytes failed: Only part of a ReadProcessMemory or WriteProcessMemory request was completed. (0x12B)
[0709/200058.461:ERROR:process_memory_win.cc(73)] ReadMemory at 0x267971d8858 of 512 bytes failed: Only part of a ReadProcessMemory or WriteProcessMemory request was completed. (0x12B)
[0709/200058.461:ERROR:process_memory_win.cc(73)] ReadMemory at 0x267fa6f0fe0 of 19370 bytes failed: Only part of a ReadProcessMemory or WriteProcessMemory request was completed. (0x12B)
[0709/200058.461:ERROR:process_memory_win.cc(73)] ReadMemory at 0x267fa6f5ba0 of 1012 bytes failed: Only part of a ReadProcessMemory or WriteProcessMemory request was completed. (0x12B)
[0709/200058.461:ERROR:process_memory_win.cc(73)] ReadMemory at 0x267fa6f61e8 of 118 bytes failed: Only part of a ReadProcessMemory or WriteProcessMemory request was completed. (0x12B)
[0709/200058.461:ERROR:process_memory_win.cc(73)] ReadMemory at 0x267fa6f6260 of 756 bytes failed: Only part of a ReadProcessMemory or WriteProcessMemory request was completed. (0x12B)
[0709/200058.461:ERROR:process_memory_win.cc(73)] ReadMemory at 0x267fa6f6556 of 118 bytes failed: Only part of a ReadProcessMemory or WriteProcessMemory request was completed. (0x12B)
[0709/200058.461:ERROR:process_memory_win.cc(73)] ReadMemory at 0x267fa6f65ce of 102 bytes failed: Only part of a ReadProcessMemory or WriteProcessMemory request was completed. (0x12B)
[0709/200058.461:ERROR:process_memory_win.cc(73)] ReadMemory at 0x267fa6f6640 of 58 bytes failed: Only part of a ReadProcessMemory or WriteProcessMemory request was completed. (0x12B)
[0709/200058.461:ERROR:process_memory_win.cc(73)] ReadMemory at 0x267fa6f6740 of 132 bytes failed: Only part of a ReadProcessMemory or WriteProcessMemory request was completed. (0x12B)
[0709/200058.461:ERROR:process_memory_win.cc(73)] ReadMemory at 0x267fa6f68d0 of 132 bytes failed: Only part of a ReadProcessMemory or WriteProcessMemory request was completed. (0x12B)
[0709/200058.461:ERROR:process_memory_win.cc(73)] ReadMemory at 0x267fa6f6a90 of 126 bytes failed: Only part of a ReadProcessMemory or WriteProcessMemory request was completed. (0x12B)
[0709/200058.461:ERROR:process_memory_win.cc(73)] ReadMemory at 0x267fa6f6e70 of 132 bytes failed: Only part of a ReadProcessMemory or WriteProcessMemory request was completed. (0x12B)
[0709/200058.461:ERROR:process_memory_win.cc(73)] ReadMemory at 0x267fa6f7000 of 64 bytes failed: Only part of a ReadProcessMemory or WriteProcessMemory request was completed. (0x12B)
[0709/200058.461:ERROR:process_memory_win.cc(73)] ReadMemory at 0x267fa6f7050 of 132 bytes failed: Only part of a ReadProcessMemory or WriteProcessMemory request was completed. (0x12B)
[0709/200058.461:ERROR:process_memory_win.cc(73)] ReadMemory at 0x267fa6f71c0 of 132 bytes failed: Only part of a ReadProcessMemory or WriteProcessMemory request was completed. (0x12B)
[0709/200058.461:ERROR:process_memory_win.cc(73)] ReadMemory at 0x267fa6f7460 of 132 bytes failed: Only part of a ReadProcessMemory or WriteProcessMemory request was completed. (0x12B)
[0709/200058.461:ERROR:process_memory_win.cc(73)] ReadMemory at 0x267fa6f75f0 of 68 bytes failed: Only part of a ReadProcessMemory or WriteProcessMemory request was completed. (0x12B)
[0709/200058.461:ERROR:process_memory_win.cc(73)] ReadMemory at 0x267fa6f85e0 of 146 bytes failed: Only part of a ReadProcessMemory or WriteProcessMemory request was completed. (0x12B)
[0709/200058.461:ERROR:process_memory_win.cc(73)] ReadMemory at 0x267fa6f86c0 of 132 bytes failed: Only part of a ReadProcessMemory or WriteProcessMemory request was completed. (0x12B)
[0709/200058.461:ERROR:process_memory_win.cc(73)] ReadMemory at 0x267fa6f8850 of 154 bytes failed: Only part of a ReadProcessMemory or WriteProcessMemory request was completed. (0x12B)
[0709/200058.461:ERROR:process_memory_win.cc(73)] ReadMemory at 0x267fa6f96c0 of 62 bytes failed: Only part of a ReadProcessMemory or WriteProcessMemory request was completed. (0x12B)
[0709/200058.461:ERROR:process_memory_win.cc(73)] ReadMemory at 0x267fa6f97f0 of 132 bytes failed: Only part of a ReadProcessMemory or WriteProcessMemory request was completed. (0x12B)
[0709/200058.461:ERROR:process_memory_win.cc(73)] ReadMemory at 0x267fa6f9980 of 60 bytes failed: Only part of a ReadProcessMemory or WriteProcessMemory request was completed. (0x12B)
[0709/200058.461:ERROR:process_memory_win.cc(73)] ReadMemory at 0x267fa6fd670 of 132 bytes failed: Only part of a ReadProcessMemory or WriteProcessMemory request was completed. (0x12B)
[0709/200058.461:ERROR:process_memory_win.cc(73)] ReadMemory at 0x267fa6fd9c0 of 132 bytes failed: Only part of a ReadProcessMemory or WriteProcessMemory request was completed. (0x12B)
[0709/200058.461:ERROR:process_memory_win.cc(73)] ReadMemory at 0x267fa6fdbe0 of 132 bytes failed: Only part of a ReadProcessMemory or WriteProcessMemory request was completed. (0x12B)
[0709/200058.461:ERROR:process_memory_win.cc(73)] ReadMemory at 0x267fa6fead0 of 132 bytes failed: Only part of a ReadProcessMemory or WriteProcessMemory request was completed. (0x12B)
[0709/200058.461:ERROR:process_memory_win.cc(73)] ReadMemory at 0x267fa6fedd0 of 80 bytes failed: Only part of a ReadProcessMemory or WriteProcessMemory request was completed. (0x12B)
[0709/200058.461:ERROR:process_memory_win.cc(73)] ReadMemory at 0x267fa6ff580 of 62 bytes failed: Only part of a ReadProcessMemory or WriteProcessMemory request was completed. (0x12B)
[0709/200058.461:ERROR:process_memory_win.cc(73)] ReadMemory at 0x267fa6ff670 of 64 bytes failed: Only part of a ReadProcessMemory or WriteProcessMemory request was completed. (0x12B)
[0709/200058.461:ERROR:process_memory_win.cc(73)] ReadMemory at 0x267fa6ff6c0 of 66 bytes failed: Only part of a ReadProcessMemory or WriteProcessMemory request was completed. (0x12B)
[0709/200058.461:ERROR:process_memory_win.cc(73)] ReadMemory at 0x267fa6ff710 of 64 bytes failed: Only part of a ReadProcessMemory or WriteProcessMemory request was completed. (0x12B)
[0709/200058.461:ERROR:process_memory_win.cc(73)] ReadMemory at 0x267fa6ff760 of 62 bytes failed: Only part of a ReadProcessMemory or WriteProcessMemory request was completed. (0x12B)
[0709/200058.461:ERROR:process_memory_win.cc(73)] ReadMemory at 0x267fa6ff7b0 of 64 bytes failed: Only part of a ReadProcessMemory or WriteProcessMemory request was completed. (0x12B)
[0709/200058.461:ERROR:process_memory_win.cc(73)] ReadMemory at 0x267fa6ff8a0 of 60 bytes failed: Only part of a ReadProcessMemory or WriteProcessMemory request was completed. (0x12B)
[0709/200058.461:ERROR:process_memory_win.cc(73)] ReadMemory at 0x267fa6ffa80 of 60 bytes failed: Only part of a ReadProcessMemory or WriteProcessMemory request was completed. (0x12B)
[0709/200058.461:ERROR:process_memory_win.cc(73)] ReadMemory at 0x267fa6ffad0 of 64 bytes failed: Only part of a ReadProcessMemory or WriteProcessMemory request was completed. (0x12B)
[0709/200058.461:ERROR:process_memory_win.cc(73)] ReadMemory at 0x267fa6ffd90 of 62 bytes failed: Only part of a ReadProcessMemory or WriteProcessMemory request was completed. (0x12B)
[0709/200058.461:ERROR:process_memory_win.cc(73)] ReadMemory at 0x267fa6ffe30 of 64 bytes failed: Only part of a ReadProcessMemory or WriteProcessMemory request was completed. (0x12B)
[0709/200058.461:ERROR:process_memory_win.cc(73)] ReadMemory at 0x267fa6ffe80 of 62 bytes failed: Only part of a ReadProcessMemory or WriteProcessMemory request was completed. (0x12B)
[0709/200058.461:ERROR:process_memory_win.cc(73)] ReadMemory at 0x267fa6fff20 of 62 bytes failed: Only part of a ReadProcessMemory or WriteProcessMemory request was completed. (0x12B)
[0709/200058.461:ERROR:process_memory_win.cc(73)] ReadMemory at 0x267fa700060 of 66 bytes failed: Only part of a ReadProcessMemory or WriteProcessMemory request was completed. (0x12B)
[0709/200058.461:ERROR:process_memory_win.cc(73)] ReadMemory at 0x267fa700420 of 64 bytes failed: Only part of a ReadProcessMemory or WriteProcessMemory request was completed. (0x12B)
[0709/200058.461:ERROR:process_memory_win.cc(73)] ReadMemory at 0x267fa700470 of 60 bytes failed: Only part of a ReadProcessMemory or WriteProcessMemory request was completed. (0x12B)
[0709/200058.461:ERROR:process_memory_win.cc(73)] ReadMemory at 0x267fa700510 of 58 bytes failed: Only part of a ReadProcessMemory or WriteProcessMemory request was completed. (0x12B)
[0709/200058.461:ERROR:process_memory_win.cc(73)] ReadMemory at 0x267fa700600 of 62 bytes failed: Only part of a ReadProcessMemory or WriteProcessMemory request was completed. (0x12B)
[0709/200058.461:ERROR:process_memory_win.cc(73)] ReadMemory at 0x267fa7006f0 of 60 bytes failed: Only part of a ReadProcessMemory or WriteProcessMemory request was completed. (0x12B)
[0709/200058.461:ERROR:process_memory_win.cc(73)] ReadMemory at 0x267fa700830 of 62 bytes failed: Only part of a ReadProcessMemory or WriteProcessMemory request was completed. (0x12B)
[0709/200058.461:ERROR:process_memory_win.cc(73)] ReadMemory at 0x267fa700880 of 64 bytes failed: Only part of a ReadProcessMemory or WriteProcessMemory request was completed. (0x12B)
[0709/200058.461:ERROR:process_memory_win.cc(73)] ReadMemory at 0x267fa700970 of 62 bytes failed: Only part of a ReadProcessMemory or WriteProcessMemory request was completed. (0x12B)
[0709/200058.461:ERROR:process_memory_win.cc(73)] ReadMemory at 0x267fa7009c0 of 60 bytes failed: Only part of a ReadProcessMemory or WriteProcessMemory request was completed. (0x12B)
[0709/200058.461:ERROR:process_memory_win.cc(73)] ReadMemory at 0x267fa700b50 of 64 bytes failed: Only part of a ReadProcessMemory or WriteProcessMemory request was completed. (0x12B)
[0709/200058.461:ERROR:process_memory_win.cc(73)] ReadMemory at 0x267fa700c40 of 60 bytes failed: Only part of a ReadProcessMemory or WriteProcessMemory request was completed. (0x12B)
[0709/200058.461:ERROR:process_memory_win.cc(73)] ReadMemory at 0x267fa700c90 of 62 bytes failed: Only part of a ReadProcessMemory or WriteProcessMemory request was completed. (0x12B)
[0709/200058.461:ERROR:process_memory_win.cc(73)] ReadMemory at 0x267fa700ce0 of 62 bytes failed: Only part of a ReadProcessMemory or WriteProcessMemory request was completed. (0x12B)
[0709/200058.461:ERROR:process_memory_win.cc(73)] ReadMemory at 0x267fa701f60 of 132 bytes failed: Only part of a ReadProcessMemory or WriteProcessMemory request was completed. (0x12B)
[0709/200058.461:ERROR:process_memory_win.cc(73)] ReadMemory at 0x267fa7022c0 of 132 bytes failed: Only part of a ReadProcessMemory or WriteProcessMemory request was completed. (0x12B)
[0709/200058.461:ERROR:process_memory_win.cc(73)] ReadMemory at 0x267fa7024d0 of 132 bytes failed: Only part of a ReadProcessMemory or WriteProcessMemory request was completed. (0x12B)
[0709/200058.461:ERROR:process_memory_win.cc(73)] ReadMemory at 0x267fa704fd0 of 76 bytes failed: Only part of a ReadProcessMemory or WriteProcessMemory request was completed. (0x12B)
[0709/200058.461:ERROR:process_memory_win.cc(73)] ReadMemory at 0x267fa705090 of 80 bytes failed: Only part of a ReadProcessMemory or WriteProcessMemory request was completed. (0x12B)
[0709/200058.461:ERROR:process_memory_win.cc(73)] ReadMemory at 0x267fa706070 of 132 bytes failed: Only part of a ReadProcessMemory or WriteProcessMemory request was completed. (0x12B)
[0709/200058.461:ERROR:process_memory_win.cc(73)] ReadMemory at 0x267fa7064d0 of 54 bytes failed: Only part of a ReadProcessMemory or WriteProcessMemory request was completed. (0x12B)
[0709/200058.461:ERROR:process_memory_win.cc(73)] ReadMemory at 0x267fa707850 of 132 bytes failed: Only part of a ReadProcessMemory or WriteProcessMemory request was completed. (0x12B)
[0709/200058.461:ERROR:process_memory_win.cc(73)] ReadMemory at 0x267fa70cae0 of 132 bytes failed: Only part of a ReadProcessMemory or WriteProcessMemory request was completed. (0x12B)
[0709/200058.461:ERROR:process_memory_win.cc(73)] ReadMemory at 0x267fa70cc10 of 132 bytes failed: Only part of a ReadProcessMemory or WriteProcessMemory request was completed. (0x12B)
[0709/200058.461:ERROR:process_memory_win.cc(73)] ReadMemory at 0x267fa70ce70 of 132 bytes failed: Only part of a ReadProcessMemory or WriteProcessMemory request was completed. (0x12B)
[0709/200058.461:ERROR:process_memory_win.cc(73)] ReadMemory at 0x267fa70cfa0 of 132 bytes failed: Only part of a ReadProcessMemory or WriteProcessMemory request was completed. (0x12B)
[0709/200058.461:ERROR:process_memory_win.cc(73)] ReadMemory at 0x267fa70d0d0 of 132 bytes failed: Only part of a ReadProcessMemory or WriteProcessMemory request was completed. (0x12B)
[0709/200058.461:ERROR:process_memory_win.cc(73)] ReadMemory at 0x267fa70d200 of 132 bytes failed: Only part of a ReadProcessMemory or WriteProcessMemory request was completed. (0x12B)
[0709/200058.461:ERROR:process_memory_win.cc(73)] ReadMemory at 0x267fa70d330 of 132 bytes failed: Only part of a ReadProcessMemory or WriteProcessMemory request was completed. (0x12B)
[0709/200058.461:ERROR:process_memory_win.cc(73)] ReadMemory at 0x267fa70d460 of 132 bytes failed: Only part of a ReadProcessMemory or WriteProcessMemory request was completed. (0x12B)
[0709/200058.461:ERROR:process_memory_win.cc(73)] ReadMemory at 0x267fa70d590 of 132 bytes failed: Only part of a ReadProcessMemory or WriteProcessMemory request was completed. (0x12B)
[0709/200058.461:ERROR:process_memory_win.cc(73)] ReadMemory at 0x267fa70d6c0 of 132 bytes failed: Only part of a ReadProcessMemory or WriteProcessMemory request was completed. (0x12B)
[0709/200058.461:ERROR:process_memory_win.cc(73)] ReadMemory at 0x267fa70d7f0 of 132 bytes failed: Only part of a ReadProcessMemory or WriteProcessMemory request was completed. (0x12B)
[0709/200058.461:ERROR:process_memory_win.cc(73)] ReadMemory at 0x267fa70d920 of 132 bytes failed: Only part of a ReadProcessMemory or WriteProcessMemory request was completed. (0x12B)
[0709/200058.461:ERROR:process_memory_win.cc(73)] ReadMemory at 0x267fa70e280 of 132 bytes failed: Only part of a ReadProcessMemory or WriteProcessMemory request was completed. (0x12B)
[0709/200058.461:ERROR:process_memory_win.cc(73)] ReadMemory at 0x267fa70e3b0 of 132 bytes failed: Only part of a ReadProcessMemory or WriteProcessMemory request was completed. (0x12B)
[0709/200058.461:ERROR:process_memory_win.cc(73)] ReadMemory at 0x267fa70e4e0 of 132 bytes failed: Only part of a ReadProcessMemory or WriteProcessMemory request was completed. (0x12B)
[0709/200058.461:ERROR:process_memory_win.cc(73)] ReadMemory at 0x267fa70ef90 of 132 bytes failed: Only part of a ReadProcessMemory or WriteProcessMemory request was completed. (0x12B)
[0709/200058.461:ERROR:process_memory_win.cc(73)] ReadMemory at 0x267fa70f0c0 of 132 bytes failed: Only part of a ReadProcessMemory or WriteProcessMemory request was completed. (0x12B)
[0709/200058.461:ERROR:process_memory_win.cc(73)] ReadMemory at 0x267fa70f450 of 132 bytes failed: Only part of a ReadProcessMemory or WriteProcessMemory request was completed. (0x12B)
[0709/200058.461:ERROR:process_memory_win.cc(73)] ReadMemory at 0x267fa70f580 of 132 bytes failed: Only part of a ReadProcessMemory or WriteProcessMemory request was completed. (0x12B)
[0709/200058.461:ERROR:process_memory_win.cc(73)] ReadMemory at 0x267fa70f7e0 of 132 bytes failed: Only part of a ReadProcessMemory or WriteProcessMemory request was completed. (0x12B)
[0709/200058.461:ERROR:process_memory_win.cc(73)] ReadMemory at 0x267fa70f910 of 132 bytes failed: Only part of a ReadProcessMemory or WriteProcessMemory request was completed. (0x12B)
[0709/200058.461:ERROR:process_memory_win.cc(73)] ReadMemory at 0x267fa70fa40 of 132 bytes failed: Only part of a ReadProcessMemory or WriteProcessMemory request was completed. (0x12B)
[0709/200058.461:ERROR:process_memory_win.cc(73)] ReadMemory at 0x267fa7243c0 of 512 bytes failed: Only part of a ReadProcessMemory or WriteProcessMemory request was completed. (0x12B)
[0709/200058.461:ERROR:process_memory_win.cc(73)] ReadMemory at 0x267fa725170 of 512 bytes failed: Only part of a ReadProcessMemory or WriteProcessMemory request was completed. (0x12B)
[0709/200058.461:ERROR:process_memory_win.cc(73)] ReadMemory at 0x267fa9ed650 of 512 bytes failed: Only part of a ReadProcessMemory or WriteProcessMemory request was completed. (0x12B)
[0709/200058.461:ERROR:process_memory_win.cc(73)] ReadMemory at 0x308d30d34950 of 512 bytes failed: Only part of a ReadProcessMemory or WriteProcessMemory request was completed. (0x12B)
[0709/200058.461:ERROR:process_memory_win.cc(73)] ReadMemory at 0x39fa43cbe9f8 of 512 bytes failed: Only part of a ReadProcessMemory or WriteProcessMemory request was completed. (0x12B)
[0709/200058.461:ERROR:process_memory_win.cc(73)] ReadMemory at 0x604bcf25a248 of 512 bytes failed: Only part of a ReadProcessMemory or WriteProcessMemory request was completed. (0x12B)
[0709/200058.461:ERROR:process_memory_win.cc(73)] ReadMemory at 0x64be08040669 of 512 bytes failed: Only part of a ReadProcessMemory or WriteProcessMemory request was completed. (0x12B)
[0709/200058.461:ERROR:process_memory_win.cc(73)] ReadMemory at 0x64be084b3401 of 512 bytes failed: Only part of a ReadProcessMemory or WriteProcessMemory request was completed. (0x12B)
[0709/200058.461:ERROR:process_memory_win.cc(73)] ReadMemory at 0x64be0b5a9398 of 512 bytes failed: Only part of a ReadProcessMemory or WriteProcessMemory request was completed. (0x12B)
[0709/200058.461:ERROR:process_memory_win.cc(73)] ReadMemory at 0x64be0b993508 of 512 bytes failed: Only part of a ReadProcessMemory or WriteProcessMemory request was completed. (0x12B)
[0709/200058.461:ERROR:process_memory_win.cc(73)] ReadMemory at 0x6c76541210a8 of 512 bytes failed: Only part of a ReadProcessMemory or WriteProcessMemory request was completed. (0x12B)
[0709/200058.461:ERROR:process_memory_win.cc(73)] ReadMemory at 0x6c76541248d8 of 512 bytes failed: Only part of a ReadProcessMemory or WriteProcessMemory request was completed. (0x12B)
[0709/200058.461:ERROR:process_memory_win.cc(73)] ReadMemory at 0x73f173f977f8 of 512 bytes failed: Only part of a ReadProcessMemory or WriteProcessMemory request was completed. (0x12B)
[0709/200058.461:ERROR:process_memory_win.cc(73)] ReadMemory at 0x7ffd7cdf8cfc of 512 bytes failed: Only part of a ReadProcessMemory or WriteProcessMemory request was completed. (0x12B)
[0709/200058.461:ERROR:process_memory_win.cc(73)] ReadMemory at 0x7ffd7e0b3007 of 512 bytes failed: Only part of a ReadProcessMemory or WriteProcessMemory request was completed. (0x12B)
[0709/200058.461:ERROR:process_memory_win.cc(73)] ReadMemory at 0x7ffd81037d17 of 512 bytes failed: Only part of a ReadProcessMemory or WriteProcessMemory request was completed. (0x12B)
[0709/200058.461:ERROR:process_memory_win.cc(73)] ReadMemory at 0x7ffd81108f5b of 512 bytes failed: Only part of a ReadProcessMemory or WriteProcessMemory request was completed. (0x12B)
[0709/200058.461:ERROR:process_memory_win.cc(73)] ReadMemory at 0x7ffd8112d0fe of 512 bytes failed: Only part of a ReadProcessMemory or WriteProcessMemory request was completed. (0x12B)
[0709/200058.461:ERROR:process_memory_win.cc(73)] ReadMemory at 0x7ffd8113ec30 of 512 bytes failed: Only part of a ReadProcessMemory or WriteProcessMemory request was completed. (0x12B)
[0709/200058.461:ERROR:process_memory_win.cc(73)] ReadMemory at 0x7ffdabd379a5 of 512 bytes failed: Only part of a ReadProcessMemory or WriteProcessMemory request was completed. (0x12B)
[0709/200058.461:ERROR:process_memory_win.cc(73)] ReadMemory at 0x7ffdabd38180 of 512 bytes failed: Only part of a ReadProcessMemory or WriteProcessMemory request was completed. (0x12B)
[0709/200058.461:ERROR:process_memory_win.cc(73)] ReadMemory at 0x7ffdd16bc074 of 672 bytes failed: Only part of a ReadProcessMemory or WriteProcessMemory request was completed. (0x12B)
[0709/200058.461:ERROR:process_memory_win.cc(73)] ReadMemory at 0x7ffdd16bf924 of 608 bytes failed: Only part of a ReadProcessMemory or WriteProcessMemory request was completed. (0x12B)
[0709/200058.461:ERROR:process_memory_win.cc(73)] ReadMemory at 0x7ffdd174c428 of 18 bytes failed: Only part of a ReadProcessMemory or WriteProcessMemory request was completed. (0x12B)
[0709/200058.461:ERROR:process_memory_win.cc(73)] ReadMemory at 0x7ffdd177f4f8 of 40 bytes failed: Only part of a ReadProcessMemory or WriteProcessMemory request was completed. (0x12B)
[0709/200058.461:ERROR:process_memory_win.cc(73)] ReadMemory at 0x7ffdd177f978 of 48 bytes failed: Only part of a ReadProcessMemory or WriteProcessMemory request was completed. (0x12B)
[0709/200058.461:ERROR:process_memory_win.cc(73)] ReadMemory at 0x7ffdd17853c0 of 64 bytes failed: Only part of a ReadProcessMemory or WriteProcessMemory request was completed. (0x12B)
[0709/200058.617:ERROR:scoped_process_suspend.cc(40)] NtResumeProcess: An attempt was made to access an exiting process. (0xc000010a)
[0731/173008.989:ERROR:file_io.cc(134)] WriteFile: The pipe is being closed. (0xE8)
